  Bullet.cpp
c:\users\robzz\source\repos\invaders\invaders\asteroids\player.h(25): warning C4305: 'initializing': truncation from 'double' to 'float'
c:\users\robzz\source\repos\invaders\invaders\asteroids\enemy.h(28): warning C4305: 'initializing': truncation from 'double' to 'float'
  Enemy.cpp
c:\users\robzz\source\repos\invaders\invaders\asteroids\enemy.h(28): warning C4305: 'initializing': truncation from 'double' to 'float'
c:\users\robzz\source\repos\invaders\invaders\asteroids\player.h(25): warning C4305: 'initializing': truncation from 'double' to 'float'
c:\users\robzz\source\repos\invaders\invaders\asteroids\enemy.cpp(16): warning C4244: 'argument': conversion from 'unsigned int' to 'float', possible loss of data
c:\users\robzz\source\repos\invaders\invaders\asteroids\enemy.cpp(16): warning C4244: 'argument': conversion from 'int' to 'float', possible loss of data
  Explosion.cpp
c:\users\robzz\source\repos\invaders\invaders\asteroids\enemy.h(28): warning C4305: 'initializing': truncation from 'double' to 'float'
c:\users\robzz\source\repos\invaders\invaders\asteroids\player.h(25): warning C4305: 'initializing': truncation from 'double' to 'float'
  Game.cpp
c:\users\robzz\source\repos\invaders\invaders\asteroids\player.h(25): warning C4305: 'initializing': truncation from 'double' to 'float'
c:\users\robzz\source\repos\invaders\invaders\asteroids\enemy.h(28): warning C4305: 'initializing': truncation from 'double' to 'float'
  GameObjectHandler.cpp
c:\users\robzz\source\repos\invaders\invaders\asteroids\player.h(25): warning C4305: 'initializing': truncation from 'double' to 'float'
c:\users\robzz\source\repos\invaders\invaders\asteroids\enemy.h(28): warning C4305: 'initializing': truncation from 'double' to 'float'
c:\users\robzz\source\repos\invaders\invaders\asteroids\gameobjecthandler.cpp(84): warning C4244: 'initializing': conversion from 'T' to 'int', possible loss of data
          with
          [
              T=float
          ]
c:\users\robzz\source\repos\invaders\invaders\asteroids\gameobjecthandler.cpp(85): warning C4244: 'initializing': conversion from 'T' to 'int', possible loss of data
          with
          [
              T=float
          ]
c:\users\robzz\source\repos\invaders\invaders\asteroids\gameobjecthandler.cpp(86): warning C4244: 'return': conversion from 'double' to 'int', possible loss of data
  InstructionPage.cpp
c:\users\robzz\source\repos\invaders\invaders\asteroids\player.h(25): warning C4305: 'initializing': truncation from 'double' to 'float'
c:\users\robzz\source\repos\invaders\invaders\asteroids\enemy.h(28): warning C4305: 'initializing': truncation from 'double' to 'float'
  MainMenu.cpp
c:\users\robzz\source\repos\invaders\invaders\asteroids\player.h(25): warning C4305: 'initializing': truncation from 'double' to 'float'
c:\users\robzz\source\repos\invaders\invaders\asteroids\enemy.h(28): warning C4305: 'initializing': truncation from 'double' to 'float'
  Player.cpp
c:\users\robzz\source\repos\invaders\invaders\asteroids\player.h(25): warning C4305: 'initializing': truncation from 'double' to 'float'
c:\users\robzz\source\repos\invaders\invaders\asteroids\enemy.h(28): warning C4305: 'initializing': truncation from 'double' to 'float'
  main.cpp
c:\users\robzz\source\repos\invaders\invaders\asteroids\player.h(25): warning C4305: 'initializing': truncation from 'double' to 'float'
c:\users\robzz\source\repos\invaders\invaders\asteroids\enemy.h(28): warning C4305: 'initializing': truncation from 'double' to 'float'
  Generating Code...
  Asteroids.vcxproj -> C:\Users\RoBzZ\source\repos\Invaders\Invaders\Debug\Asteroids.exe
